nohup: ignoring input
Servidor iniciado en el puerto 12347
Cliente conectado desde /0:0:0:0:0:0:0:1
Cliente conectado desde /0:0:0:0:0:0:0:1
Jugador añadido: Bot4
Jugador conectado: Bot4
Cliente conectado desde /0:0:0:0:0:0:0:1
Cliente conectado desde /0:0:0:0:0:0:0:1
Jugador añadido: Bot3
Jugador conectado: Bot3
Jugador añadido: Bot1
Jugador conectado: Bot1
Cliente conectado desde /0:0:0:0:0:0:0:1
Jugador añadido: Bot2
¡Todos los jugadores están conectados! Iniciando la partida...
Se envio a Bot4: Es tu turno: Bot4
Se envio a Bot3: Espera tu turno; jugador actual: Bot4
Se envio a Bot1: Espera tu turno; jugador actual: Bot4
Se envio a Bot2: Espera tu turno; jugador actual: Bot4
[cortaroMus] Preguntando a Bot4 si quiere Mus/Cortar
Se envio a Bot4: Indica 'M' para Mus o 'C' para Cortar (una sola letra, mayúscula o minúscula aceptada).
Se envio a Bot4: COD 23
[recibirLineaJugador] hilo=pool-1-thread-1 interrupted=false queueSize=0
[LOG_RECV] de Bot4: 'M'
Recibido de Bot4: 'M' (thread=pool-1-thread-1)
[cortaroMus] respuesta obtenida de Bot4: 'M'
Se envio a Bot4: OK
[cortaroMus] Preguntando a Bot3 si quiere Mus/Cortar
Se envio a Bot3: Indica 'M' para Mus o 'C' para Cortar (una sola letra, mayúscula o minúscula aceptada).
Se envio a Bot3: COD 23
[recibirLineaJugador] hilo=pool-1-thread-1 interrupted=false queueSize=0
[LOG_RECV] de Bot3: 'M'
Recibido de Bot3: 'M' (thread=pool-1-thread-1)
[cortaroMus] respuesta obtenida de Bot3: 'M'
Se envio a Bot3: OK
[cortaroMus] Preguntando a Bot1 si quiere Mus/Cortar
Se envio a Bot1: Indica 'M' para Mus o 'C' para Cortar (una sola letra, mayúscula o minúscula aceptada).
Se envio a Bot1: COD 23
[recibirLineaJugador] hilo=pool-1-thread-1 interrupted=false queueSize=0
[LOG_RECV] de Bot1: 'M'
Recibido de Bot1: 'M' (thread=pool-1-thread-1)
[cortaroMus] respuesta obtenida de Bot1: 'M'
Se envio a Bot1: OK
[cortaroMus] Preguntando a Bot2 si quiere Mus/Cortar
Se envio a Bot2: Indica 'M' para Mus o 'C' para Cortar (una sola letra, mayúscula o minúscula aceptada).
Se envio a Bot2: COD 23
[recibirLineaJugador] hilo=pool-1-thread-1 interrupted=false queueSize=0
